<?xml version="1.0" encoding="UTF-8"?>
<!-- Generated by org.testng.reporters.JUnitReportReporter -->
<testsuite hostname="LSLT-IT10452" name="testsuite.SmartTrack_Test" tests="1" failures="0" timestamp="2 Oct 2018 15:36:53 GMT" time="60.492" errors="0">
  <testcase name="SmartTrackLogin" time="60.492" classname="testsuite.SmartTrack_Test"/>
</testsuite> <!-- testsuite.SmartTrack_Test -->
